time="2017-09-23T07:14:48+08:00" level=info msg="进入初始化状态" 房间状态=init 玩家列表="[]" 
time="2017-09-23T07:14:48+08:00" level=info msg="玩家加入房间" 房间状态=init 玩家=100004 玩家列表="[玩家[100004],位置[0],分数[0],状态[线上],实际状态[初始化],小胡列表[[]],手牌[[]],下的牌[[]],吃碰杠[[]],可能的组合[[]],当前的操作[[]]]" 
time="2017-09-23T07:14:48+08:00" level=info msg="玩家准备" 房间状态=init 玩家id=100004 
time="2017-09-23T07:14:51+08:00" level=info msg="玩家请求离开" 房间状态=init 玩家=100004 玩家列表="[玩家[100004],位置[0],分数[0],状态[线上],实际状态[准备开始],小胡列表[[]],手牌[[]],下的牌[[]],吃碰杠[[]],可能的组合[[]],当前的操作[[]]]" 
time="2017-09-23T07:14:51+08:00" level=info msg="玩家自主离开" 房间状态=init 玩家=100004 玩家列表="[玩家[100004],位置[0],分数[0],状态[线上],实际状态[准备开始],小胡列表[[]],手牌[[]],下的牌[[]],吃碰杠[[]],可能的组合[[]],当前的操作[[]]]" 
time="2017-09-23T07:14:54+08:00" level=info msg="玩家请求离开" 房间状态=init 玩家=100004 玩家列表="[玩家[100004],位置[0],分数[0],状态[线上],实际状态[准备开始],小胡列表[[]],手牌[[]],下的牌[[]],吃碰杠[[]],可能的组合[[]],当前的操作[[]]]" 
time="2017-09-23T07:14:54+08:00" level=info msg="玩家自主离开" 房间状态=init 玩家=100004 玩家列表="[玩家[100004],位置[0],分数[0],状态[离开],实际状态[准备开始],小胡列表[[]],手牌[[]],下的牌[[]],吃碰杠[[]],可能的组合[[]],当前的操作[[]]]" 
time="2017-09-23T07:14:59+08:00" level=info msg="玩家请求离开" 房间状态=init 玩家=100004 玩家列表="[玩家[100004],位置[0],分数[0],状态[离开],实际状态[准备开始],小胡列表[[]],手牌[[]],下的牌[[]],吃碰杠[[]],可能的组合[[]],当前的操作[[]]]" 
time="2017-09-23T07:14:59+08:00" level=info msg="玩家自主离开" 房间状态=init 玩家=100004 玩家列表="[玩家[100004],位置[0],分数[0],状态[线上],实际状态[准备开始],小胡列表[[]],手牌[[]],下的牌[[]],吃碰杠[[]],可能的组合[[]],当前的操作[[]]]" 
time="2017-09-23T07:15:01+08:00" level=info msg="玩家请求离开" 房间状态=init 玩家=100004 玩家列表="[玩家[100004],位置[0],分数[0],状态[线上],实际状态[准备开始],小胡列表[[]],手牌[[]],下的牌[[]],吃碰杠[[]],可能的组合[[]],当前的操作[[]]]" 
time="2017-09-23T07:15:01+08:00" level=info msg="玩家自主离开" 房间状态=init 玩家=100004 玩家列表="[玩家[100004],位置[0],分数[0],状态[离开],实际状态[准备开始],小胡列表[[]],手牌[[]],下的牌[[]],吃碰杠[[]],可能的组合[[]],当前的操作[[]]]" 
time="2017-09-23T07:15:27+08:00" level=info msg="玩家请求离开" 房间状态=init 玩家=100004 玩家列表="[玩家[100004],位置[0],分数[0],状态[离开],实际状态[准备开始],小胡列表[[]],手牌[[]],下的牌[[]],吃碰杠[[]],可能的组合[[]],当前的操作[[]]]" 
time="2017-09-23T07:15:27+08:00" level=info msg="玩家自主离开" 房间状态=init 玩家=100004 玩家列表="[玩家[100004],位置[0],分数[0],状态[线上],实际状态[准备开始],小胡列表[[]],手牌[[]],下的牌[[]],吃碰杠[[]],可能的组合[[]],当前的操作[[]]]" 
time="2017-09-23T07:15:30+08:00" level=info msg="玩家请求离开" 房间状态=init 玩家=100004 玩家列表="[玩家[100004],位置[0],分数[0],状态[线上],实际状态[准备开始],小胡列表[[]],手牌[[]],下的牌[[]],吃碰杠[[]],可能的组合[[]],当前的操作[[]]]" 
time="2017-09-23T07:15:30+08:00" level=info msg="玩家自主离开" 房间状态=init 玩家=100004 玩家列表="[玩家[100004],位置[0],分数[0],状态[离开],实际状态[准备开始],小胡列表[[]],手牌[[]],下的牌[[]],吃碰杠[[]],可能的组合[[]],当前的操作[[]]]" 
time="2017-09-23T07:15:34+08:00" level=info msg="玩家请求离开" 房间状态=init 玩家=100004 玩家列表="[玩家[100004],位置[0],分数[0],状态[离开],实际状态[准备开始],小胡列表[[]],手牌[[]],下的牌[[]],吃碰杠[[]],可能的组合[[]],当前的操作[[]]]" 
time="2017-09-23T07:15:34+08:00" level=info msg="玩家自主离开" 房间状态=init 玩家=100004 玩家列表="[玩家[100004],位置[0],分数[0],状态[线上],实际状态[准备开始],小胡列表[[]],手牌[[]],下的牌[[]],吃碰杠[[]],可能的组合[[]],当前的操作[[]]]" 
time="2017-09-23T07:15:36+08:00" level=info msg="玩家请求离开" 房间状态=init 玩家=100004 玩家列表="[玩家[100004],位置[0],分数[0],状态[线上],实际状态[准备开始],小胡列表[[]],手牌[[]],下的牌[[]],吃碰杠[[]],可能的组合[[]],当前的操作[[]]]" 
time="2017-09-23T07:15:36+08:00" level=info msg="玩家自主离开" 房间状态=init 玩家=100004 玩家列表="[玩家[100004],位置[0],分数[0],状态[离开],实际状态[准备开始],小胡列表[[]],手牌[[]],下的牌[[]],吃碰杠[[]],可能的组合[[]],当前的操作[[]]]" 
time="2017-09-23T07:15:55+08:00" level=info msg="玩家离开房间" 房间状态=init 玩家=100004 玩家列表="[]" 
time="2017-09-23T07:15:55+08:00" level=info msg="进入初始化状态" 房间状态=init 玩家列表="[]" 
