time="2017-09-23T06:26:58+08:00" level=info msg="进入初始化状态" 房间状态=init 玩家列表="[]" 
time="2017-09-23T06:26:58+08:00" level=info msg="玩家加入房间" 房间状态=init 玩家=100004 玩家列表="[玩家[100004],位置[0],分数[0],状态[线上],实际状态[初始化],小胡列表[[]],手牌[[]],下的牌[[]],吃碰杠[[]],可能的组合[[]],当前的操作[[]]]" 
time="2017-09-23T06:26:58+08:00" level=info msg="玩家准备" 房间状态=init 玩家id=100004 
time="2017-09-23T06:27:05+08:00" level=info msg="玩家请求掉线" 房间状态=init 玩家=100004 玩家列表="[玩家[100004],位置[0],分数[0],状态[线上],实际状态[准备开始],小胡列表[[]],手牌[[]],下的牌[[]],吃碰杠[[]],可能的组合[[]],当前的操作[[]]]" 
time="2017-09-23T06:27:05+08:00" level=info msg="玩家掉线" 房间状态=init 玩家=100004 玩家列表="[玩家[100004],位置[0],分数[0],状态[离线],实际状态[准备开始],小胡列表[[]],手牌[[]],下的牌[[]],吃碰杠[[]],可能的组合[[]],当前的操作[[]]]" 
time="2017-09-23T06:28:27+08:00" level=info msg="玩家重新连接房间" 房间状态=init 玩家=100004 玩家列表="[玩家[100004],位置[0],分数[0],状态[线上],实际状态[准备开始],小胡列表[[]],手牌[[]],下的牌[[]],吃碰杠[[]],可能的组合[[]],当前的操作[[]]]" 
time="2017-09-23T06:29:25+08:00" level=info msg="玩家请求掉线" 房间状态=init 玩家=100004 玩家列表="[玩家[100004],位置[0],分数[0],状态[线上],实际状态[准备开始],小胡列表[[]],手牌[[]],下的牌[[]],吃碰杠[[]],可能的组合[[]],当前的操作[[]]]" 
time="2017-09-23T06:29:25+08:00" level=info msg="玩家掉线" 房间状态=init 玩家=100004 玩家列表="[玩家[100004],位置[0],分数[0],状态[离线],实际状态[准备开始],小胡列表[[]],手牌[[]],下的牌[[]],吃碰杠[[]],可能的组合[[]],当前的操作[[]]]" 
time="2017-09-23T06:29:35+08:00" level=info msg="玩家重新连接房间" 房间状态=init 玩家=100004 玩家列表="[玩家[100004],位置[0],分数[0],状态[线上],实际状态[准备开始],小胡列表[[]],手牌[[]],下的牌[[]],吃碰杠[[]],可能的组合[[]],当前的操作[[]]]" 
time="2017-09-23T06:30:05+08:00" level=info msg="玩家请求掉线" 房间状态=init 玩家=100004 玩家列表="[玩家[100004],位置[0],分数[0],状态[线上],实际状态[准备开始],小胡列表[[]],手牌[[]],下的牌[[]],吃碰杠[[]],可能的组合[[]],当前的操作[[]]]" 
time="2017-09-23T06:30:05+08:00" level=info msg="玩家掉线" 房间状态=init 玩家=100004 玩家列表="[玩家[100004],位置[0],分数[0],状态[离线],实际状态[准备开始],小胡列表[[]],手牌[[]],下的牌[[]],吃碰杠[[]],可能的组合[[]],当前的操作[[]]]" 
time="2017-09-23T06:31:16+08:00" level=info msg="玩家重新连接房间" 房间状态=init 玩家=100004 玩家列表="[玩家[100004],位置[0],分数[0],状态[线上],实际状态[准备开始],小胡列表[[]],手牌[[]],下的牌[[]],吃碰杠[[]],可能的组合[[]],当前的操作[[]]]" 
time="2017-09-23T06:31:19+08:00" level=info msg="玩家请求掉线" 房间状态=init 玩家=100004 玩家列表="[玩家[100004],位置[0],分数[0],状态[线上],实际状态[准备开始],小胡列表[[]],手牌[[]],下的牌[[]],吃碰杠[[]],可能的组合[[]],当前的操作[[]]]" 
time="2017-09-23T06:31:19+08:00" level=info msg="玩家掉线" 房间状态=init 玩家=100004 玩家列表="[玩家[100004],位置[0],分数[0],状态[离线],实际状态[准备开始],小胡列表[[]],手牌[[]],下的牌[[]],吃碰杠[[]],可能的组合[[]],当前的操作[[]]]" 
time="2017-09-23T06:32:19+08:00" level=info msg="玩家重新连接房间" 房间状态=init 玩家=100004 玩家列表="[玩家[100004],位置[0],分数[0],状态[线上],实际状态[准备开始],小胡列表[[]],手牌[[]],下的牌[[]],吃碰杠[[]],可能的组合[[]],当前的操作[[]]]" 
time="2017-09-23T06:34:16+08:00" level=info msg="玩家请求掉线" 房间状态=init 玩家=100004 玩家列表="[玩家[100004],位置[0],分数[0],状态[线上],实际状态[准备开始],小胡列表[[]],手牌[[]],下的牌[[]],吃碰杠[[]],可能的组合[[]],当前的操作[[]]]" 
time="2017-09-23T06:34:16+08:00" level=info msg="玩家掉线" 房间状态=init 玩家=100004 玩家列表="[玩家[100004],位置[0],分数[0],状态[离线],实际状态[准备开始],小胡列表[[]],手牌[[]],下的牌[[]],吃碰杠[[]],可能的组合[[]],当前的操作[[]]]" 
time="2017-09-23T06:34:26+08:00" level=info msg="玩家重新连接房间" 房间状态=init 玩家=100004 玩家列表="[玩家[100004],位置[0],分数[0],状态[线上],实际状态[准备开始],小胡列表[[]],手牌[[]],下的牌[[]],吃碰杠[[]],可能的组合[[]],当前的操作[[]]]" 
time="2017-09-23T06:36:46+08:00" level=info msg="玩家离开房间" 房间状态=init 玩家=100004 玩家列表="[]" 
time="2017-09-23T06:36:46+08:00" level=info msg="进入初始化状态" 房间状态=init 玩家列表="[]" 
