time="2016-10-08T23:39:37+08:00" level=info msg="init config file done" 
2016/10/08 23:39:37 global processor start
time="2016-10-08T23:39:37+08:00" level=info msg="listen 0.0.0.0:3000" 
time="2016-10-08T23:40:18+08:00" level=info msg="init config file done" 
2016/10/08 23:40:18 global processor start
time="2016-10-08T23:40:18+08:00" level=info msg="listen 0.0.0.0:3000" 
time="2017-09-06T21:05:58+08:00" level=info msg="listen 0.0.0.0:3000" 
time="2017-09-06T21:05:58+08:00" level=info msg="å…¨å±€å¤„ç†å™¨å¼€å§‹" 
time="2017-09-06T21:06:47+08:00" level=info msg="session open" id=580aa65b-6115-4baa-be9e-89d6e89926f2 
time="2017-09-06T21:06:47+08:00" level=debug msg="session,msg receive" id=580aa65b-6115-4baa-be9e-89d6e89926f2 msg=[8 233 7 170 6 179 1 8 160 141 6 18 172 1 101 121 74 104 98 71 99 105 79 105 74 73 85 122 85 120 77 105 73 115 73 110 82 53 99 67 73 54 73 107 112 88 86 67 74 57 46 101 121 74 108 101 72 65 105 79 106 69 49 77 68 81 51 77 84 81 119 77 68 89 53 77 106 89 115 73 109 108 122 99 121 73 54 73 106 69 119 77 68 65 119 77 67 74 57 46 106 117 99 108 48 107 48 69 113 65 122 77 83 107 86 97 68 109 98 66 53 70 102 120 65 116 95 72 87 113 108 71 105 100 80 117 77 72 69 109 100 81 72 66 69 103 78 122 67 55 107 97 52 108 56 71 70 76 71 106 48 82 117 116 102 68 52 87 45 71 85 119 88 83 53 109 45 76 104 95 101 55 66 101 45 119] 
time="2017-09-06T21:06:47+08:00" level=debug msg="å¯¹è¯å¤„ç†å™¨,æ¥æ”¶æ¶ˆæ¯" msg=[8 233 7 170 6 179 1 8 160 141 6 18 172 1 101 121 74 104 98 71 99 105 79 105 74 73 85 122 85 120 77 105 73 115 73 110 82 53 99 67 73 54 73 107 112 88 86 67 74 57 46 101 121 74 108 101 72 65 105 79 106 69 49 77 68 81 51 77 84 81 119 77 68 89 53 77 106 89 115 73 109 108 122 99 121 73 54 73 106 69 119 77 68 65 119 77 67 74 57 46 106 117 99 108 48 107 48 69 113 65 122 77 83 107 86 97 68 109 98 66 53 70 102 120 65 116 95 72 87 113 108 71 105 100 80 117 77 72 69 109 100 81 72 66 69 103 78 122 67 55 107 97 52 108 56 71 70 76 71 106 48 82 117 116 102 68 52 87 45 71 85 119 88 83 53 109 45 76 104 95 101 55 66 101 45 119] sessionId=580aa65b-6115-4baa-be9e-89d6e89926f2 
time="2017-09-06T21:06:47+08:00" level=debug msg="å¤„ç†ç™»é™†æ¶ˆæ¯" 
redis connect 127.0.0.1:6379

[35m(/Users/angelbird/Documents/Go/src/game/user/service/service.go:294)[0m 
[33m[2017-09-06 21:06:47][0m  [36;1m[4.65ms][0m  SELECT * FROM `t_user`  WHERE (id='100000') ORDER BY `t_user`.`id` ASC LIMIT 1
time="2017-09-06T21:06:47+08:00" level=debug msg="æˆ¿é—´ä¸å­˜åœ¨" playerId=100000 roomId=141131 
2017/09/06 21:06:47 failed to open logfile: ./logs/room_141131.log open ./logs/room_141131.log: permission denied
Failed to fire hook: open ./logs/room_141131.log: permission denied
time="2017-09-06T21:06:47+08:00" level=info msg="è¿›å…¥åˆå§‹åŒ–çŠ¶æ€" æˆ¿é—´çŠ¶æ€=init ç©å®¶åˆ—è¡¨="[]" 
time="2017-09-06T21:06:47+08:00" level=info msg="åˆ›å»ºæˆ¿é—´æˆåŠŸ" maxPlayers=4 playerId=100000 roomConfig="{\"zhuanXian\":true,\"zhuaNiao\":1,\"zhuaNiaoAlg\":false}" roomId=141131 round=8 
time="2017-09-06T21:06:47+08:00" level=info msg="æˆ¿é—´å¤„ç†å™¨å¼€å§‹" æˆ¿é—´id=141131 
time="2017-09-06T21:06:47+08:00" level=info msg="ç©å®¶,å¼€å§‹" ç©å®¶id=100000 
time="2017-09-06T21:06:47+08:00" level=info msg="ç©å®¶åŠ å…¥æˆ¿é—´" playerId=100000 roomId=141131 
time="2017-09-06T21:06:47+08:00" level=debug msg="session,msg send" id=580aa65b-6115-4baa-be9e-89d6e89926f2 msg=[178 6 4 8 160 141 6 8 234 7] 
2017/09/06 21:06:47 failed to open logfile: ./logs/room_141131.log open ./logs/room_141131.log: permission denied
Failed to fire hook: open ./logs/room_141131.log: permission denied
time="2017-09-06T21:06:47+08:00" level=info msg="ç©å®¶åŠ å…¥æˆ¿é—´" æˆ¿é—´çŠ¶æ€=init ç©å®¶=100000 ç©å®¶åˆ—è¡¨="[ç©å®¶[100000],ä½ç½®[0],åˆ†æ•°[0],çŠ¶æ€[çº¿ä¸Š],å®é™…çŠ¶æ€[åˆå§‹åŒ–],å°èƒ¡åˆ—è¡¨[[]],æ‰‹ç‰Œ[[]],ä¸‹çš„ç‰Œ[[]],åƒç¢°æ [[]],å¯èƒ½çš„ç»„åˆ[[]],å½“å‰çš„æ“ä½œ[[]]]" 
time="2017-09-06T21:06:47+08:00" level=info msg="å¤šæ’­æ¶ˆæ¯" 
time="2017-09-06T21:06:47+08:00" level=debug msg="session,msg send" id=580aa65b-6115-4baa-be9e-89d6e89926f2 msg=[210 125 103 10 45 8 203 206 8 16 0 40 108 64 0 74 12 233 149 191 230 178 153 233 186 187 229 176 134 80 160 141 6 88 8 96 0 112 0 120 1 128 1 1 136 1 0 144 1 0 18 54 8 160 141 6 18 0 26 15 49 50 55 46 48 46 48 46 49 58 54 48 52 53 57 32 0 40 0 48 0 56 0 88 0 104 0 114 12 103 117 101 115 116 95 49 48 48 48 48 48 120 0 130 1 0 8 210 15] 
2017/09/06 21:06:47 failed to open logfile: ./logs/room_141131.log open ./logs/room_141131.log: permission denied
Failed to fire hook: open ./logs/room_141131.log: permission denied
time="2017-09-06T21:06:47+08:00" level=info msg="ç©å®¶å‡†å¤‡" æˆ¿é—´çŠ¶æ€=init ç©å®¶id=100000 
time="2017-09-06T21:06:47+08:00" level=info msg="å¹¿æ’­æ¶ˆæ¯" 
time="2017-09-06T21:06:47+08:00" level=info msg="ç©å®¶åŠ å…¥æˆ¿é—´æˆåŠŸ" playerId=100000 roomId=141131 
time="2017-09-06T21:06:47+08:00" level=debug msg="session,msg send" id=580aa65b-6115-4baa-be9e-89d6e89926f2 msg=[210 140 1 4 8 160 141 6 8 234 15] 
time="2017-09-06T21:06:47+08:00" level=debug msg="session,msg receive" id=580aa65b-6115-4baa-be9e-89d6e89926f2 msg=[8 235 7 186 6 2 8 0] 
time="2017-09-06T21:06:47+08:00" level=debug msg="å¯¹è¯å¤„ç†å™¨,æ¥æ”¶æ¶ˆæ¯" msg=[8 235 7 186 6 2 8 0] sessionId=580aa65b-6115-4baa-be9e-89d6e89926f2 
time="2017-09-06T21:06:47+08:00" level=debug msg="å¤„ç†pingæ¶ˆæ¯" 
time="2017-09-06T21:06:47+08:00" level=debug msg="session,msg send" id=580aa65b-6115-4baa-be9e-89d6e89926f2 msg=[194 6 7 8 246 174 179 186 229 43 8 236 7] 
time="2017-09-06T21:06:57+08:00" level=debug msg="session,msg receive" id=580aa65b-6115-4baa-be9e-89d6e89926f2 msg=[8 235 7 186 6 2 8 0] 
time="2017-09-06T21:06:57+08:00" level=debug msg="å¯¹è¯å¤„ç†å™¨,æ¥æ”¶æ¶ˆæ¯" msg=[8 235 7 186 6 2 8 0] sessionId=580aa65b-6115-4baa-be9e-89d6e89926f2 
time="2017-09-06T21:06:57+08:00" level=debug msg="å¤„ç†pingæ¶ˆæ¯" 
time="2017-09-06T21:06:57+08:00" level=debug msg="session,msg send" id=580aa65b-6115-4baa-be9e-89d6e89926f2 msg=[194 6 7 8 162 128 180 186 229 43 8 236 7] 
time="2017-09-06T21:06:58+08:00" level=debug msg="å…¨å±€å¤„ç†,å®šæ—¶å™¨" 
time="2017-09-06T21:07:06+08:00" level=debug msg="session,msg receive" id=580aa65b-6115-4baa-be9e-89d6e89926f2 msg=[8 231 15 226 138 1 4 8 160 141 6] 
time="2017-09-06T21:07:06+08:00" level=debug msg="å¯¹è¯å¤„ç†å™¨,æ¥æ”¶æ¶ˆæ¯" msg=[8 231 15 226 138 1 4 8 160 141 6] sessionId=580aa65b-6115-4baa-be9e-89d6e89926f2 
time="2017-09-06T21:07:06+08:00" level=debug msg="æ¥æ”¶æ¶ˆæ¯,ç©å®¶å‡†å¤‡ç¦»å¼€" æˆ¿é—´id=141131 æˆ¿é—´ä¸»äººid=100000 ç©å®¶id=100000 
time="2017-09-06T21:07:06+08:00" level=info msg="å¹¿æ’­æ¶ˆæ¯" 
2017/09/06 21:07:06 failed to open logfile: ./logs/room_141131.log open ./logs/room_141131.log: permission denied
Failed to fire hook: open ./logs/room_141131.log: permission denied
time="2017-09-06T21:07:06+08:00" level=info msg="ç©å®¶ç¦»å¼€æˆ¿é—´" æˆ¿é—´çŠ¶æ€=init ç©å®¶=100000 ç©å®¶åˆ—è¡¨="[]" 
2017/09/06 21:07:06 failed to open logfile: ./logs/room_141131.log open ./logs/room_141131.log: permission denied
Failed to fire hook: open ./logs/room_141131.log: permission denied
time="2017-09-06T21:07:06+08:00" level=info msg="è¿›å…¥åˆå§‹åŒ–çŠ¶æ€" æˆ¿é—´çŠ¶æ€=init ç©å®¶åˆ—è¡¨="[]" 
time="2017-09-06T21:07:06+08:00" level=debug msg="å‡†å¤‡è¿œç¨‹æ‘§æ¯æˆ¿é—´" æˆ¿é—´id=141131 æˆ¿é—´ä¸»äººid=100000 ç©å®¶id=100000 
time="2017-09-06T21:07:06+08:00" level=debug msg="session,msg send" id=580aa65b-6115-4baa-be9e-89d6e89926f2 msg=[178 139 1 4 8 160 141 6 8 232 15] 
time="2017-09-06T21:07:06+08:00" level=info msg="æˆ¿é—´å¤„ç†å™¨ç»“æŸ" æˆ¿é—´id=141131 
time="2017-09-06T21:07:06+08:00" level=info msg="session close" id=580aa65b-6115-4baa-be9e-89d6e89926f2 
time="2017-09-06T21:07:06+08:00" level=info msg="ç©å®¶,ç»“æŸ" ç©å®¶id=100000 
time="2017-09-06T21:07:09+08:00" level=info msg="session open" id=dd62b598-3781-4bc7-bd24-c8e1e27ddd0b 
time="2017-09-06T21:07:09+08:00" level=debug msg="session,msg receive" id=dd62b598-3781-4bc7-bd24-c8e1e27ddd0b msg=[8 233 7 170 6 179 1 8 160 141 6 18 172 1 101 121 74 104 98 71 99 105 79 105 74 73 85 122 85 120 77 105 73 115 73 110 82 53 99 67 73 54 73 107 112 88 86 67 74 57 46 101 121 74 108 101 72 65 105 79 106 69 49 77 68 81 51 77 84 81 119 77 68 89 53 77 106 89 115 73 109 108 122 99 121 73 54 73 106 69 119 77 68 65 119 77 67 74 57 46 106 117 99 108 48 107 48 69 113 65 122 77 83 107 86 97 68 109 98 66 53 70 102 120 65 116 95 72 87 113 108 71 105 100 80 117 77 72 69 109 100 81 72 66 69 103 78 122 67 55 107 97 52 108 56 71 70 76 71 106 48 82 117 116 102 68 52 87 45 71 85 119 88 83 53 109 45 76 104 95 101 55 66 101 45 119] 
time="2017-09-06T21:07:09+08:00" level=debug msg="å¯¹è¯å¤„ç†å™¨,æ¥æ”¶æ¶ˆæ¯" msg=[8 233 7 170 6 179 1 8 160 141 6 18 172 1 101 121 74 104 98 71 99 105 79 105 74 73 85 122 85 120 77 105 73 115 73 110 82 53 99 67 73 54 73 107 112 88 86 67 74 57 46 101 121 74 108 101 72 65 105 79 106 69 49 77 68 81 51 77 84 81 119 77 68 89 53 77 106 89 115 73 109 108 122 99 121 73 54 73 106 69 119 77 68 65 119 77 67 74 57 46 106 117 99 108 48 107 48 69 113 65 122 77 83 107 86 97 68 109 98 66 53 70 102 120 65 116 95 72 87 113 108 71 105 100 80 117 77 72 69 109 100 81 72 66 69 103 78 122 67 55 107 97 52 108 56 71 70 76 71 106 48 82 117 116 102 68 52 87 45 71 85 119 88 83 53 109 45 76 104 95 101 55 66 101 45 119] sessionId=dd62b598-3781-4bc7-bd24-c8e1e27ddd0b 
time="2017-09-06T21:07:09+08:00" level=debug msg="å¤„ç†ç™»é™†æ¶ˆæ¯" 

[35m(/Users/angelbird/Documents/Go/src/game/user/service/service.go:294)[0m 
[33m[2017-09-06 21:07:09][0m  [36;1m[0.86ms][0m  SELECT * FROM `t_user`  WHERE (id='100000') ORDER BY `t_user`.`id` ASC LIMIT 1
time="2017-09-06T21:07:09+08:00" level=debug msg="æˆ¿é—´ä¸å­˜åœ¨" playerId=100000 roomId=557632 
time="2017-09-06T21:07:09+08:00" level=info msg="è¿›å…¥åˆå§‹åŒ–çŠ¶æ€" æˆ¿é—´çŠ¶æ€=init ç©å®¶åˆ—è¡¨="[]" 
time="2017-09-06T21:07:09+08:00" level=info msg="åˆ›å»ºæˆ¿é—´æˆåŠŸ" maxPlayers=4 playerId=100000 roomConfig="{\"zhuanXian\":false,\"zhuaNiao\":0,\"zhuaNiaoAlg\":true}" roomId=557632 round=8 
time="2017-09-06T21:07:09+08:00" level=info msg="æˆ¿é—´å¤„ç†å™¨å¼€å§‹" æˆ¿é—´id=557632 
time="2017-09-06T21:07:09+08:00" level=info msg="ç©å®¶,å¼€å§‹" ç©å®¶id=100000 
time="2017-09-06T21:07:09+08:00" level=info msg="ç©å®¶åŠ å…¥æˆ¿é—´" playerId=100000 roomId=557632 
time="2017-09-06T21:07:09+08:00" level=debug msg="session,msg send" id=dd62b598-3781-4bc7-bd24-c8e1e27ddd0b msg=[178 6 4 8 160 141 6 8 234 7] 
time="2017-09-06T21:07:09+08:00" level=info msg="ç©å®¶åŠ å…¥æˆ¿é—´" æˆ¿é—´çŠ¶æ€=init ç©å®¶=100000 ç©å®¶åˆ—è¡¨="[ç©å®¶[100000],ä½ç½®[0],åˆ†æ•°[0],çŠ¶æ€[çº¿ä¸Š],å®é™…çŠ¶æ€[åˆå§‹åŒ–],å°èƒ¡åˆ—è¡¨[[]],æ‰‹ç‰Œ[[]],ä¸‹çš„ç‰Œ[[]],åƒç¢°æ [[]],å¯èƒ½çš„ç»„åˆ[[]],å½“å‰çš„æ“ä½œ[[]]]" 
time="2017-09-06T21:07:09+08:00" level=info msg="å¤šæ’­æ¶ˆæ¯" 
time="2017-09-06T21:07:09+08:00" level=debug msg="session,msg send" id=dd62b598-3781-4bc7-bd24-c8e1e27ddd0b msg=[210 125 103 10 45 8 192 132 34 16 0 40 108 64 0 74 12 233 149 191 230 178 153 233 186 187 229 176 134 80 160 141 6 88 8 96 0 112 0 120 0 128 1 0 136 1 1 144 1 0 18 54 8 160 141 6 18 0 26 15 49 50 55 46 48 46 48 46 49 58 54 48 56 50 48 32 0 40 0 48 0 56 0 88 0 104 0 114 12 103 117 101 115 116 95 49 48 48 48 48 48 120 0 130 1 0 8 210 15] 
time="2017-09-06T21:07:09+08:00" level=info msg="ç©å®¶å‡†å¤‡" æˆ¿é—´çŠ¶æ€=init ç©å®¶id=100000 
time="2017-09-06T21:07:09+08:00" level=info msg="å¹¿æ’­æ¶ˆæ¯" 
time="2017-09-06T21:07:09+08:00" level=info msg="ç©å®¶åŠ å…¥æˆ¿é—´æˆåŠŸ" playerId=100000 roomId=557632 
time="2017-09-06T21:07:09+08:00" level=debug msg="session,msg send" id=dd62b598-3781-4bc7-bd24-c8e1e27ddd0b msg=[210 140 1 4 8 160 141 6 8 234 15] 
time="2017-09-06T21:07:09+08:00" level=debug msg="session,msg receive" id=dd62b598-3781-4bc7-bd24-c8e1e27ddd0b msg=[8 235 7 186 6 2 8 0] 
time="2017-09-06T21:07:09+08:00" level=debug msg="å¯¹è¯å¤„ç†å™¨,æ¥æ”¶æ¶ˆæ¯" msg=[8 235 7 186 6 2 8 0] sessionId=dd62b598-3781-4bc7-bd24-c8e1e27ddd0b 
time="2017-09-06T21:07:09+08:00" level=debug msg="å¤„ç†pingæ¶ˆæ¯" 
time="2017-09-06T21:07:09+08:00" level=debug msg="session,msg send" id=dd62b598-3781-4bc7-bd24-c8e1e27ddd0b msg=[194 6 7 8 247 219 180 186 229 43 8 236 7] 
time="2017-09-06T21:07:14+08:00" level=debug msg="session,msg receive" id=dd62b598-3781-4bc7-bd24-c8e1e27ddd0b msg=[8 231 15 226 138 1 4 8 160 141 6] 
time="2017-09-06T21:07:14+08:00" level=debug msg="å¯¹è¯å¤„ç†å™¨,æ¥æ”¶æ¶ˆæ¯" msg=[8 231 15 226 138 1 4 8 160 141 6] sessionId=dd62b598-3781-4bc7-bd24-c8e1e27ddd0b 
time="2017-09-06T21:07:14+08:00" level=debug msg="æ¥æ”¶æ¶ˆæ¯,ç©å®¶å‡†å¤‡ç¦»å¼€" æˆ¿é—´id=557632 æˆ¿é—´ä¸»äººid=100000 ç©å®¶id=100000 
time="2017-09-06T21:07:14+08:00" level=info msg="å¹¿æ’­æ¶ˆæ¯" 
time="2017-09-06T21:07:14+08:00" level=debug msg="session,msg send" id=dd62b598-3781-4bc7-bd24-c8e1e27ddd0b msg=[178 139 1 4 8 160 141 6 8 232 15] 
time="2017-09-06T21:07:14+08:00" level=info msg="ç©å®¶ç¦»å¼€æˆ¿é—´" æˆ¿é—´çŠ¶æ€=init ç©å®¶=100000 ç©å®¶åˆ—è¡¨="[]" 
time="2017-09-06T21:07:14+08:00" level=info msg="è¿›å…¥åˆå§‹åŒ–çŠ¶æ€" æˆ¿é—´çŠ¶æ€=init ç©å®¶åˆ—è¡¨="[]" 
time="2017-09-06T21:07:14+08:00" level=debug msg="å‡†å¤‡è¿œç¨‹æ‘§æ¯æˆ¿é—´" æˆ¿é—´id=557632 æˆ¿é—´ä¸»äººid=100000 ç©å®¶id=100000 
time="2017-09-06T21:07:14+08:00" level=info msg="æˆ¿é—´å¤„ç†å™¨ç»“æŸ" æˆ¿é—´id=557632 
time="2017-09-06T21:07:14+08:00" level=info msg="session close" id=dd62b598-3781-4bc7-bd24-c8e1e27ddd0b 
time="2017-09-06T21:07:14+08:00" level=info msg="ç©å®¶,ç»“æŸ" ç©å®¶id=100000 
time="2017-09-06T21:07:33+08:00" level=info msg="session open" id=73b2fe2f-bbaa-4ca2-9efd-0d2f72346210 
time="2017-09-06T21:07:33+08:00" level=debug msg="session,msg receive" id=73b2fe2f-bbaa-4ca2-9efd-0d2f72346210 msg=[8 233 7 170 6 179 1 8 160 141 6 18 172 1 101 121 74 104 98 71 99 105 79 105 74 73 85 122 85 120 77 105 73 115 73 110 82 53 99 67 73 54 73 107 112 88 86 67 74 57 46 101 121 74 108 101 72 65 105 79 106 69 49 77 68 81 51 77 84 81 119 77 68 89 53 77 106 89 115 73 109 108 122 99 121 73 54 73 106 69 119 77 68 65 119 77 67 74 57 46 106 117 99 108 48 107 48 69 113 65 122 77 83 107 86 97 68 109 98 66 53 70 102 120 65 116 95 72 87 113 108 71 105 100 80 117 77 72 69 109 100 81 72 66 69 103 78 122 67 55 107 97 52 108 56 71 70 76 71 106 48 82 117 116 102 68 52 87 45 71 85 119 88 83 53 109 45 76 104 95 101 55 66 101 45 119] 
time="2017-09-06T21:07:33+08:00" level=debug msg="å¯¹è¯å¤„ç†å™¨,æ¥æ”¶æ¶ˆæ¯" msg=[8 233 7 170 6 179 1 8 160 141 6 18 172 1 101 121 74 104 98 71 99 105 79 105 74 73 85 122 85 120 77 105 73 115 73 110 82 53 99 67 73 54 73 107 112 88 86 67 74 57 46 101 121 74 108 101 72 65 105 79 106 69 49 77 68 81 51 77 84 81 119 77 68 89 53 77 106 89 115 73 109 108 122 99 121 73 54 73 106 69 119 77 68 65 119 77 67 74 57 46 106 117 99 108 48 107 48 69 113 65 122 77 83 107 86 97 68 109 98 66 53 70 102 120 65 116 95 72 87 113 108 71 105 100 80 117 77 72 69 109 100 81 72 66 69 103 78 122 67 55 107 97 52 108 56 71 70 76 71 106 48 82 117 116 102 68 52 87 45 71 85 119 88 83 53 109 45 76 104 95 101 55 66 101 45 119] sessionId=73b2fe2f-bbaa-4ca2-9efd-0d2f72346210 
time="2017-09-06T21:07:33+08:00" level=debug msg="å¤„ç†ç™»é™†æ¶ˆæ¯" 

[35m(/Users/angelbird/Documents/Go/src/game/user/service/service.go:294)[0m 
[33m[2017-09-06 21:07:33][0m  [36;1m[2.00ms][0m  SELECT * FROM `t_user`  WHERE (id='100000') ORDER BY `t_user`.`id` ASC LIMIT 1
time="2017-09-06T21:07:33+08:00" level=debug msg="æˆ¿é—´ä¸å­˜åœ¨" playerId=100000 roomId=187738 
time="2017-09-06T21:07:33+08:00" level=info msg="è¿›å…¥åˆå§‹åŒ–çŠ¶æ€" æˆ¿é—´çŠ¶æ€=init ç©å®¶åˆ—è¡¨="[]" 
time="2017-09-06T21:07:33+08:00" level=info msg="åˆ›å»ºæˆ¿é—´æˆåŠŸ" maxPlayers=4 playerId=100000 roomConfig="{\"zhuanXian\":true,\"zhuaNiao\":1,\"zhuaNiaoAlg\":false}" roomId=187738 round=8 
time="2017-09-06T21:07:33+08:00" level=info msg="ç©å®¶åŠ å…¥æˆ¿é—´" playerId=100000 roomId=187738 
time="2017-09-06T21:07:33+08:00" level=info msg="ç©å®¶,å¼€å§‹" ç©å®¶id=100000 
time="2017-09-06T21:07:33+08:00" level=info msg="æˆ¿é—´å¤„ç†å™¨å¼€å§‹" æˆ¿é—´id=187738 
time="2017-09-06T21:07:33+08:00" level=debug msg="session,msg send" id=73b2fe2f-bbaa-4ca2-9efd-0d2f72346210 msg=[178 6 4 8 160 141 6 8 234 7] 
time="2017-09-06T21:07:33+08:00" level=info msg="ç©å®¶åŠ å…¥æˆ¿é—´" æˆ¿é—´çŠ¶æ€=init ç©å®¶=100000 ç©å®¶åˆ—è¡¨="[ç©å®¶[100000],ä½ç½®[0],åˆ†æ•°[0],çŠ¶æ€[çº¿ä¸Š],å®é™…çŠ¶æ€[åˆå§‹åŒ–],å°èƒ¡åˆ—è¡¨[[]],æ‰‹ç‰Œ[[]],ä¸‹çš„ç‰Œ[[]],åƒç¢°æ [[]],å¯èƒ½çš„ç»„åˆ[[]],å½“å‰çš„æ“ä½œ[[]]]" 
time="2017-09-06T21:07:33+08:00" level=info msg="å¤šæ’­æ¶ˆæ¯" 
time="2017-09-06T21:07:33+08:00" level=debug msg="session,msg send" id=73b2fe2f-bbaa-4ca2-9efd-0d2f72346210 msg=[210 125 103 10 45 8 218 186 11 16 0 40 108 64 0 74 12 233 149 191 230 178 153 233 186 187 229 176 134 80 160 141 6 88 8 96 0 112 0 120 1 128 1 1 136 1 0 144 1 0 18 54 8 160 141 6 18 0 26 15 49 50 55 46 48 46 48 46 49 58 54 49 50 48 56 32 0 40 0 48 0 56 0 88 0 104 0 114 12 103 117 101 115 116 95 49 48 48 48 48 48 120 0 130 1 0 8 210 15] 
time="2017-09-06T21:07:33+08:00" level=info msg="ç©å®¶å‡†å¤‡" æˆ¿é—´çŠ¶æ€=init ç©å®¶id=100000 
time="2017-09-06T21:07:33+08:00" level=info msg="å¹¿æ’­æ¶ˆæ¯" 
time="2017-09-06T21:07:33+08:00" level=info msg="ç©å®¶åŠ å…¥æˆ¿é—´æˆåŠŸ" playerId=100000 roomId=187738 
time="2017-09-06T21:07:33+08:00" level=debug msg="session,msg send" id=73b2fe2f-bbaa-4ca2-9efd-0d2f72346210 msg=[210 140 1 4 8 160 141 6 8 234 15] 
time="2017-09-06T21:07:33+08:00" level=debug msg="session,msg receive" id=73b2fe2f-bbaa-4ca2-9efd-0d2f72346210 msg=[8 235 7 186 6 2 8 0] 
time="2017-09-06T21:07:33+08:00" level=debug msg="å¯¹è¯å¤„ç†å™¨,æ¥æ”¶æ¶ˆæ¯" msg=[8 235 7 186 6 2 8 0] sessionId=73b2fe2f-bbaa-4ca2-9efd-0d2f72346210 
time="2017-09-06T21:07:33+08:00" level=debug msg="å¤„ç†pingæ¶ˆæ¯" 
time="2017-09-06T21:07:33+08:00" level=debug msg="session,msg send" id=73b2fe2f-bbaa-4ca2-9efd-0d2f72346210 msg=[194 6 7 8 147 153 182 186 229 43 8 236 7] 
time="2017-09-06T21:07:43+08:00" level=debug msg="session,msg receive" id=73b2fe2f-bbaa-4ca2-9efd-0d2f72346210 msg=[8 235 7 186 6 2 8 0] 
time="2017-09-06T21:07:43+08:00" level=debug msg="å¯¹è¯å¤„ç†å™¨,æ¥æ”¶æ¶ˆæ¯" msg=[8 235 7 186 6 2 8 0] sessionId=73b2fe2f-bbaa-4ca2-9efd-0d2f72346210 
time="2017-09-06T21:07:43+08:00" level=debug msg="å¤„ç†pingæ¶ˆæ¯" 
time="2017-09-06T21:07:43+08:00" level=debug msg="session,msg send" id=73b2fe2f-bbaa-4ca2-9efd-0d2f72346210 msg=[194 6 7 8 214 231 182 186 229 43 8 236 7] 
time="2017-09-06T21:07:54+08:00" level=info msg="ç©å®¶,ç»“æŸ" ç©å®¶id=100000 
time="2017-09-06T21:07:54+08:00" level=info msg="ç©å®¶è¯·æ±‚æ‰çº¿" æˆ¿é—´çŠ¶æ€=init ç©å®¶=100000 ç©å®¶åˆ—è¡¨="[ç©å®¶[100000],ä½ç½®[0],åˆ†æ•°[0],çŠ¶æ€[çº¿ä¸Š],å®é™…çŠ¶æ€[å‡†å¤‡å¼€å§‹],å°èƒ¡åˆ—è¡¨[[]],æ‰‹ç‰Œ[[]],ä¸‹çš„ç‰Œ[[]],åƒç¢°æ [[]],å¯èƒ½çš„ç»„åˆ[[]],å½“å‰çš„æ“ä½œ[[]]]" 
time="2017-09-06T21:07:54+08:00" level=info msg="ç©å®¶æ‰çº¿" æˆ¿é—´çŠ¶æ€=init ç©å®¶=100000 ç©å®¶åˆ—è¡¨="[ç©å®¶[100000],ä½ç½®[0],åˆ†æ•°[0],çŠ¶æ€[ç¦»çº¿],å®é™…çŠ¶æ€[å‡†å¤‡å¼€å§‹],å°èƒ¡åˆ—è¡¨[[]],æ‰‹ç‰Œ[[]],ä¸‹çš„ç‰Œ[[]],åƒç¢°æ [[]],å¯èƒ½çš„ç»„åˆ[[]],å½“å‰çš„æ“ä½œ[[]]]" 
time="2017-09-06T21:07:54+08:00" level=info msg="å¹¿æ’­æ¶ˆæ¯" 
time="2017-09-06T21:07:54+08:00" level=info msg="session close" id=73b2fe2f-bbaa-4ca2-9efd-0d2f72346210 
time="2017-09-06T21:07:54+08:00" level=info msg="session open" id=0ed37ad7-9b87-4da6-a5b6-121529d40f47 
time="2017-09-06T21:07:54+08:00" level=debug msg="session,msg receive" id=0ed37ad7-9b87-4da6-a5b6-121529d40f47 msg=[8 233 7 170 6 179 1 8 160 141 6 18 172 1 101 121 74 104 98 71 99 105 79 105 74 73 85 122 85 120 77 105 73 115 73 110 82 53 99 67 73 54 73 107 112 88 86 67 74 57 46 101 121 74 108 101 72 65 105 79 106 69 49 77 68 81 51 77 84 81 119 77 68 89 53 77 106 89 115 73 109 108 122 99 121 73 54 73 106 69 119 77 68 65 119 77 67 74 57 46 106 117 99 108 48 107 48 69 113 65 122 77 83 107 86 97 68 109 98 66 53 70 102 120 65 116 95 72 87 113 108 71 105 100 80 117 77 72 69 109 100 81 72 66 69 103 78 122 67 55 107 97 52 108 56 71 70 76 71 106 48 82 117 116 102 68 52 87 45 71 85 119 88 83 53 109 45 76 104 95 101 55 66 101 45 119] 
time="2017-09-06T21:07:54+08:00" level=debug msg="å¯¹è¯å¤„ç†å™¨,æ¥æ”¶æ¶ˆæ¯" msg=[8 233 7 170 6 179 1 8 160 141 6 18 172 1 101 121 74 104 98 71 99 105 79 105 74 73 85 122 85 120 77 105 73 115 73 110 82 53 99 67 73 54 73 107 112 88 86 67 74 57 46 101 121 74 108 101 72 65 105 79 106 69 49 77 68 81 51 77 84 81 119 77 68 89 53 77 106 89 115 73 109 108 122 99 121 73 54 73 106 69 119 77 68 65 119 77 67 74 57 46 106 117 99 108 48 107 48 69 113 65 122 77 83 107 86 97 68 109 98 66 53 70 102 120 65 116 95 72 87 113 108 71 105 100 80 117 77 72 69 109 100 81 72 66 69 103 78 122 67 55 107 97 52 108 56 71 70 76 71 106 48 82 117 116 102 68 52 87 45 71 85 119 88 83 53 109 45 76 104 95 101 55 66 101 45 119] sessionId=0ed37ad7-9b87-4da6-a5b6-121529d40f47 
time="2017-09-06T21:07:54+08:00" level=debug msg="å¤„ç†ç™»é™†æ¶ˆæ¯" 

[35m(/Users/angelbird/Documents/Go/src/game/user/service/service.go:294)[0m 
[33m[2017-09-06 21:07:54][0m  [36;1m[5.07ms][0m  SELECT * FROM `t_user`  WHERE (id='100000') ORDER BY `t_user`.`id` ASC LIMIT 1
time="2017-09-06T21:07:54+08:00" level=info msg="ç©å®¶é‡æ–°è¿æ¥" playerId=100000 roomId=187738 
time="2017-09-06T21:07:54+08:00" level=info msg="ç©å®¶,å¼€å§‹" ç©å®¶id=100000 
time="2017-09-06T21:07:54+08:00" level=debug msg="session,msg send" id=0ed37ad7-9b87-4da6-a5b6-121529d40f47 msg=[178 6 4 8 160 141 6 8 234 7] 
time="2017-09-06T21:07:54+08:00" level=info msg="ç©å®¶é‡æ–°è¿æ¥æˆ¿é—´" æˆ¿é—´çŠ¶æ€=init ç©å®¶=100000 ç©å®¶åˆ—è¡¨="[ç©å®¶[100000],ä½ç½®[0],åˆ†æ•°[0],çŠ¶æ€[çº¿ä¸Š],å®é™…çŠ¶æ€[å‡†å¤‡å¼€å§‹],å°èƒ¡åˆ—è¡¨[[]],æ‰‹ç‰Œ[[]],ä¸‹çš„ç‰Œ[[]],åƒç¢°æ [[]],å¯èƒ½çš„ç»„åˆ[[]],å½“å‰çš„æ“ä½œ[[]]]" 
time="2017-09-06T21:07:54+08:00" level=info msg="å¤šæ’­æ¶ˆæ¯" 
time="2017-09-06T21:07:54+08:00" level=debug msg="session,msg send" id=0ed37ad7-9b87-4da6-a5b6-121529d40f47 msg=[210 125 103 10 45 8 218 186 11 16 0 40 108 64 0 74 12 233 149 191 230 178 153 233 186 187 229 176 134 80 160 141 6 88 8 96 0 112 0 120 1 128 1 1 136 1 0 144 1 0 18 54 8 160 141 6 18 0 26 15 49 50 55 46 48 46 48 46 49 58 54 49 50 48 56 32 0 40 0 48 0 56 0 88 1 104 0 114 12 103 117 101 115 116 95 49 48 48 48 48 48 120 0 130 1 0 8 210 15] 
time="2017-09-06T21:07:54+08:00" level=debug msg="session,msg receive" id=0ed37ad7-9b87-4da6-a5b6-121529d40f47 msg=[8 235 7 186 6 2 8 0] 
time="2017-09-06T21:07:54+08:00" level=debug msg="å¯¹è¯å¤„ç†å™¨,æ¥æ”¶æ¶ˆæ¯" msg=[8 235 7 186 6 2 8 0] sessionId=0ed37ad7-9b87-4da6-a5b6-121529d40f47 
time="2017-09-06T21:07:54+08:00" level=debug msg="å¤„ç†pingæ¶ˆæ¯" 
time="2017-09-06T21:07:54+08:00" level=debug msg="session,msg send" id=0ed37ad7-9b87-4da6-a5b6-121529d40f47 msg=[194 6 7 8 194 185 183 186 229 43 8 236 7] 
time="2017-09-06T21:07:58+08:00" level=debug msg="å…¨å±€å¤„ç†,å®šæ—¶å™¨" 
time="2017-09-06T21:08:05+08:00" level=info msg="ç©å®¶è¯·æ±‚æ‰çº¿" æˆ¿é—´çŠ¶æ€=init ç©å®¶=100000 ç©å®¶åˆ—è¡¨="[ç©å®¶[100000],ä½ç½®[0],åˆ†æ•°[0],çŠ¶æ€[çº¿ä¸Š],å®é™…çŠ¶æ€[å‡†å¤‡å¼€å§‹],å°èƒ¡åˆ—è¡¨[[]],æ‰‹ç‰Œ[[]],ä¸‹çš„ç‰Œ[[]],åƒç¢°æ [[]],å¯èƒ½çš„ç»„åˆ[[]],å½“å‰çš„æ“ä½œ[[]]]" 
time="2017-09-06T21:08:05+08:00" level=info msg="ç©å®¶æ‰çº¿" æˆ¿é—´çŠ¶æ€=init ç©å®¶=100000 ç©å®¶åˆ—è¡¨="[ç©å®¶[100000],ä½ç½®[0],åˆ†æ•°[0],çŠ¶æ€[ç¦»çº¿],å®é™…çŠ¶æ€[å‡†å¤‡å¼€å§‹],å°èƒ¡åˆ—è¡¨[[]],æ‰‹ç‰Œ[[]],ä¸‹çš„ç‰Œ[[]],åƒç¢°æ [[]],å¯èƒ½çš„ç»„åˆ[[]],å½“å‰çš„æ“ä½œ[[]]]" 
time="2017-09-06T21:08:05+08:00" level=info msg="å¹¿æ’­æ¶ˆæ¯" 
time="2017-09-06T21:08:05+08:00" level=info msg="session close" id=0ed37ad7-9b87-4da6-a5b6-121529d40f47 
time="2017-09-06T21:08:05+08:00" level=info msg="ç©å®¶,ç»“æŸ" ç©å®¶id=100000 
time="2017-09-06T21:08:05+08:00" level=info msg="session open" id=f29e5864-cdc2-4126-95e3-0e882306218d 
time="2017-09-06T21:08:05+08:00" level=debug msg="session,msg receive" id=f29e5864-cdc2-4126-95e3-0e882306218d msg=[8 233 7 170 6 179 1 8 160 141 6 18 172 1 101 121 74 104 98 71 99 105 79 105 74 73 85 122 85 120 77 105 73 115 73 110 82 53 99 67 73 54 73 107 112 88 86 67 74 57 46 101 121 74 108 101 72 65 105 79 106 69 49 77 68 81 51 77 84 81 119 77 68 89 53 77 106 89 115 73 109 108 122 99 121 73 54 73 106 69 119 77 68 65 119 77 67 74 57 46 106 117 99 108 48 107 48 69 113 65 122 77 83 107 86 97 68 109 98 66 53 70 102 120 65 116 95 72 87 113 108 71 105 100 80 117 77 72 69 109 100 81 72 66 69 103 78 122 67 55 107 97 52 108 56 71 70 76 71 106 48 82 117 116 102 68 52 87 45 71 85 119 88 83 53 109 45 76 104 95 101 55 66 101 45 119] 
time="2017-09-06T21:08:05+08:00" level=debug msg="å¯¹è¯å¤„ç†å™¨,æ¥æ”¶æ¶ˆæ¯" msg=[8 233 7 170 6 179 1 8 160 141 6 18 172 1 101 121 74 104 98 71 99 105 79 105 74 73 85 122 85 120 77 105 73 115 73 110 82 53 99 67 73 54 73 107 112 88 86 67 74 57 46 101 121 74 108 101 72 65 105 79 106 69 49 77 68 81 51 77 84 81 119 77 68 89 53 77 106 89 115 73 109 108 122 99 121 73 54 73 106 69 119 77 68 65 119 77 67 74 57 46 106 117 99 108 48 107 48 69 113 65 122 77 83 107 86 97 68 109 98 66 53 70 102 120 65 116 95 72 87 113 108 71 105 100 80 117 77 72 69 109 100 81 72 66 69 103 78 122 67 55 107 97 52 108 56 71 70 76 71 106 48 82 117 116 102 68 52 87 45 71 85 119 88 83 53 109 45 76 104 95 101 55 66 101 45 119] sessionId=f29e5864-cdc2-4126-95e3-0e882306218d 
time="2017-09-06T21:08:05+08:00" level=debug msg="å¤„ç†ç™»é™†æ¶ˆæ¯" 

[35m(/Users/angelbird/Documents/Go/src/game/user/service/service.go:294)[0m 
[33m[2017-09-06 21:08:05][0m  [36;1m[2.20ms][0m  SELECT * FROM `t_user`  WHERE (id='100000') ORDER BY `t_user`.`id` ASC LIMIT 1
time="2017-09-06T21:08:05+08:00" level=info msg="ç©å®¶é‡æ–°è¿æ¥" playerId=100000 roomId=187738 
time="2017-09-06T21:08:05+08:00" level=info msg="ç©å®¶é‡æ–°è¿æ¥æˆ¿é—´" æˆ¿é—´çŠ¶æ€=init ç©å®¶=100000 ç©å®¶åˆ—è¡¨="[ç©å®¶[100000],ä½ç½®[0],åˆ†æ•°[0],çŠ¶æ€[çº¿ä¸Š],å®é™…çŠ¶æ€[å‡†å¤‡å¼€å§‹],å°èƒ¡åˆ—è¡¨[[]],æ‰‹ç‰Œ[[]],ä¸‹çš„ç‰Œ[[]],åƒç¢°æ [[]],å¯èƒ½çš„ç»„åˆ[[]],å½“å‰çš„æ“ä½œ[[]]]" 
time="2017-09-06T21:08:05+08:00" level=info msg="å¤šæ’­æ¶ˆæ¯" 
time="2017-09-06T21:08:05+08:00" level=info msg="ç©å®¶,å¼€å§‹" ç©å®¶id=100000 
time="2017-09-06T21:08:05+08:00" level=debug msg="session,msg send" id=f29e5864-cdc2-4126-95e3-0e882306218d msg=[178 6 4 8 160 141 6 8 234 7] 
time="2017-09-06T21:08:05+08:00" level=debug msg="session,msg send" id=f29e5864-cdc2-4126-95e3-0e882306218d msg=[210 125 103 10 45 8 218 186 11 16 0 40 108 64 0 74 12 233 149 191 230 178 153 233 186 187 229 176 134 80 160 141 6 88 8 96 0 112 0 120 1 128 1 1 136 1 0 144 1 0 18 54 8 160 141 6 18 0 26 15 49 50 55 46 48 46 48 46 49 58 54 49 50 48 56 32 0 40 0 48 0 56 0 88 1 104 0 114 12 103 117 101 115 116 95 49 48 48 48 48 48 120 0 130 1 0 8 210 15] 
time="2017-09-06T21:08:05+08:00" level=debug msg="session,msg receive" id=f29e5864-cdc2-4126-95e3-0e882306218d msg=[8 235 7 186 6 2 8 0] 
time="2017-09-06T21:08:05+08:00" level=debug msg="å¯¹è¯å¤„ç†å™¨,æ¥æ”¶æ¶ˆæ¯" msg=[8 235 7 186 6 2 8 0] sessionId=f29e5864-cdc2-4126-95e3-0e882306218d 
time="2017-09-06T21:08:05+08:00" level=debug msg="å¤„ç†pingæ¶ˆæ¯" 
time="2017-09-06T21:08:05+08:00" level=debug msg="session,msg send" id=f29e5864-cdc2-4126-95e3-0e882306218d msg=[194 6 7 8 170 143 184 186 229 43 8 236 7] 
time="2017-09-06T21:08:13+08:00" level=debug msg="session,msg receive" id=f29e5864-cdc2-4126-95e3-0e882306218d msg=[8 235 7 186 6 2 8 0] 
time="2017-09-06T21:08:13+08:00" level=debug msg="å¯¹è¯å¤„ç†å™¨,æ¥æ”¶æ¶ˆæ¯" msg=[8 235 7 186 6 2 8 0] sessionId=f29e5864-cdc2-4126-95e3-0e882306218d 
time="2017-09-06T21:08:13+08:00" level=debug msg="å¤„ç†pingæ¶ˆæ¯" 
time="2017-09-06T21:08:13+08:00" level=debug msg="session,msg send" id=f29e5864-cdc2-4126-95e3-0e882306218d msg=[194 6 7 8 240 211 184 186 229 43 8 236 7] 
time="2017-09-06T21:08:24+08:00" level=info msg="ç©å®¶è¯·æ±‚æ‰çº¿" æˆ¿é—´çŠ¶æ€=init ç©å®¶=100000 ç©å®¶åˆ—è¡¨="[ç©å®¶[100000],ä½ç½®[0],åˆ†æ•°[0],çŠ¶æ€[çº¿ä¸Š],å®é™…çŠ¶æ€[å‡†å¤‡å¼€å§‹],å°èƒ¡åˆ—è¡¨[[]],æ‰‹ç‰Œ[[]],ä¸‹çš„ç‰Œ[[]],åƒç¢°æ [[]],å¯èƒ½çš„ç»„åˆ[[]],å½“å‰çš„æ“ä½œ[[]]]" 
time="2017-09-06T21:08:24+08:00" level=info msg="ç©å®¶,ç»“æŸ" ç©å®¶id=100000 
time="2017-09-06T21:08:24+08:00" level=info msg="ç©å®¶æ‰çº¿" æˆ¿é—´çŠ¶æ€=init ç©å®¶=100000 ç©å®¶åˆ—è¡¨="[ç©å®¶[100000],ä½ç½®[0],åˆ†æ•°[0],çŠ¶æ€[ç¦»çº¿],å®é™…çŠ¶æ€[å‡†å¤‡å¼€å§‹],å°èƒ¡åˆ—è¡¨[[]],æ‰‹ç‰Œ[[]],ä¸‹çš„ç‰Œ[[]],åƒç¢°æ [[]],å¯èƒ½çš„ç»„åˆ[[]],å½“å‰çš„æ“ä½œ[[]]]" 
time="2017-09-06T21:08:24+08:00" level=info msg="å¹¿æ’­æ¶ˆæ¯" 
time="2017-09-06T21:08:24+08:00" level=info msg="session close" id=f29e5864-cdc2-4126-95e3-0e882306218d 
time="2017-09-06T21:08:24+08:00" level=info msg="session open" id=a75a3ef2-c7b0-4158-975b-319d6210c83c 
time="2017-09-06T21:08:24+08:00" level=debug msg="session,msg receive" id=a75a3ef2-c7b0-4158-975b-319d6210c83c msg=[8 233 7 170 6 179 1 8 160 141 6 18 172 1 101 121 74 104 98 71 99 105 79 105 74 73 85 122 85 120 77 105 73 115 73 110 82 53 99 67 73 54 73 107 112 88 86 67 74 57 46 101 121 74 108 101 72 65 105 79 106 69 49 77 68 81 51 77 84 81 119 77 68 89 53 77 106 89 115 73 109 108 122 99 121 73 54 73 106 69 119 77 68 65 119 77 67 74 57 46 106 117 99 108 48 107 48 69 113 65 122 77 83 107 86 97 68 109 98 66 53 70 102 120 65 116 95 72 87 113 108 71 105 100 80 117 77 72 69 109 100 81 72 66 69 103 78 122 67 55 107 97 52 108 56 71 70 76 71 106 48 82 117 116 102 68 52 87 45 71 85 119 88 83 53 109 45 76 104 95 101 55 66 101 45 119] 
time="2017-09-06T21:08:24+08:00" level=debug msg="å¯¹è¯å¤„ç†å™¨,æ¥æ”¶æ¶ˆæ¯" msg=[8 233 7 170 6 179 1 8 160 141 6 18 172 1 101 121 74 104 98 71 99 105 79 105 74 73 85 122 85 120 77 105 73 115 73 110 82 53 99 67 73 54 73 107 112 88 86 67 74 57 46 101 121 74 108 101 72 65 105 79 106 69 49 77 68 81 51 77 84 81 119 77 68 89 53 77 106 89 115 73 109 108 122 99 121 73 54 73 106 69 119 77 68 65 119 77 67 74 57 46 106 117 99 108 48 107 48 69 113 65 122 77 83 107 86 97 68 109 98 66 53 70 102 120 65 116 95 72 87 113 108 71 105 100 80 117 77 72 69 109 100 81 72 66 69 103 78 122 67 55 107 97 52 108 56 71 70 76 71 106 48 82 117 116 102 68 52 87 45 71 85 119 88 83 53 109 45 76 104 95 101 55 66 101 45 119] sessionId=a75a3ef2-c7b0-4158-975b-319d6210c83c 
time="2017-09-06T21:08:24+08:00" level=debug msg="å¤„ç†ç™»é™†æ¶ˆæ¯" 

[35m(/Users/angelbird/Documents/Go/src/game/user/service/service.go:294)[0m 
[33m[2017-09-06 21:08:24][0m  [36;1m[0.69ms][0m  SELECT * FROM `t_user`  WHERE (id='100000') ORDER BY `t_user`.`id` ASC LIMIT 1
time="2017-09-06T21:08:24+08:00" level=info msg="ç©å®¶é‡æ–°è¿æ¥" playerId=100000 roomId=187738 
time="2017-09-06T21:08:24+08:00" level=info msg="ç©å®¶,å¼€å§‹" ç©å®¶id=100000 
time="2017-09-06T21:08:24+08:00" level=debug msg="session,msg send" id=a75a3ef2-c7b0-4158-975b-319d6210c83c msg=[178 6 4 8 160 141 6 8 234 7] 
time="2017-09-06T21:08:24+08:00" level=info msg="ç©å®¶é‡æ–°è¿æ¥æˆ¿é—´" æˆ¿é—´çŠ¶æ€=init ç©å®¶=100000 ç©å®¶åˆ—è¡¨="[ç©å®¶[100000],ä½ç½®[0],åˆ†æ•°[0],çŠ¶æ€[çº¿ä¸Š],å®é™…çŠ¶æ€[å‡†å¤‡å¼€å§‹],å°èƒ¡åˆ—è¡¨[[]],æ‰‹ç‰Œ[[]],ä¸‹çš„ç‰Œ[[]],åƒç¢°æ [[]],å¯èƒ½çš„ç»„åˆ[[]],å½“å‰çš„æ“ä½œ[[]]]" 
time="2017-09-06T21:08:24+08:00" level=info msg="å¤šæ’­æ¶ˆæ¯" 
time="2017-09-06T21:08:24+08:00" level=debug msg="session,msg send" id=a75a3ef2-c7b0-4158-975b-319d6210c83c msg=[210 125 103 10 45 8 218 186 11 16 0 40 108 64 0 74 12 233 149 191 230 178 153 233 186 187 229 176 134 80 160 141 6 88 8 96 0 112 0 120 1 128 1 1 136 1 0 144 1 0 18 54 8 160 141 6 18 0 26 15 49 50 55 46 48 46 48 46 49 58 54 49 50 48 56 32 0 40 0 48 0 56 0 88 1 104 0 114 12 103 117 101 115 116 95 49 48 48 48 48 48 120 0 130 1 0 8 210 15] 
time="2017-09-06T21:08:24+08:00" level=debug msg="session,msg receive" id=a75a3ef2-c7b0-4158-975b-319d6210c83c msg=[8 235 7 186 6 2 8 0] 
time="2017-09-06T21:08:24+08:00" level=debug msg="å¯¹è¯å¤„ç†å™¨,æ¥æ”¶æ¶ˆæ¯" msg=[8 235 7 186 6 2 8 0] sessionId=a75a3ef2-c7b0-4158-975b-319d6210c83c 
time="2017-09-06T21:08:24+08:00" level=debug msg="å¤„ç†pingæ¶ˆæ¯" 
time="2017-09-06T21:08:24+08:00" level=debug msg="session,msg send" id=a75a3ef2-c7b0-4158-975b-319d6210c83c msg=[194 6 7 8 187 163 185 186 229 43 8 236 7] 
time="2017-09-06T21:08:35+08:00" level=info msg="ç©å®¶,ç»“æŸ" ç©å®¶id=100000 
time="2017-09-06T21:08:35+08:00" level=info msg="ç©å®¶è¯·æ±‚æ‰çº¿" æˆ¿é—´çŠ¶æ€=init ç©å®¶=100000 ç©å®¶åˆ—è¡¨="[ç©å®¶[100000],ä½ç½®[0],åˆ†æ•°[0],çŠ¶æ€[çº¿ä¸Š],å®é™…çŠ¶æ€[å‡†å¤‡å¼€å§‹],å°èƒ¡åˆ—è¡¨[[]],æ‰‹ç‰Œ[[]],ä¸‹çš„ç‰Œ[[]],åƒç¢°æ [[]],å¯èƒ½çš„ç»„åˆ[[]],å½“å‰çš„æ“ä½œ[[]]]" 
time="2017-09-06T21:08:35+08:00" level=info msg="ç©å®¶æ‰çº¿" æˆ¿é—´çŠ¶æ€=init ç©å®¶=100000 ç©å®¶åˆ—è¡¨="[ç©å®¶[100000],ä½ç½®[0],åˆ†æ•°[0],çŠ¶æ€[ç¦»çº¿],å®é™…çŠ¶æ€[å‡†å¤‡å¼€å§‹],å°èƒ¡åˆ—è¡¨[[]],æ‰‹ç‰Œ[[]],ä¸‹çš„ç‰Œ[[]],åƒç¢°æ [[]],å¯èƒ½çš„ç»„åˆ[[]],å½“å‰çš„æ“ä½œ[[]]]" 
time="2017-09-06T21:08:35+08:00" level=info msg="å¹¿æ’­æ¶ˆæ¯" 
time="2017-09-06T21:08:35+08:00" level=info msg="session close" id=a75a3ef2-c7b0-4158-975b-319d6210c83c 
time="2017-09-06T21:08:58+08:00" level=debug msg="å…¨å±€å¤„ç†,å®šæ—¶å™¨" 
time="2017-09-06T21:09:44+08:00" level=info msg="listen 0.0.0.0:3000" 
time="2017-09-06T21:09:44+08:00" level=info msg="å…¨å±€å¤„ç†å™¨å¼€å§‹" 
time="2017-09-06T21:09:56+08:00" level=info msg="listen 0.0.0.0:3000" 
time="2017-09-06T21:09:56+08:00" level=info msg="å…¨å±€å¤„ç†å™¨å¼€å§‹" 
time="2017-09-06T21:10:05+08:00" level=info msg="session open" id=76438d8f-2e44-49f7-b7b9-19133978ff35 
time="2017-09-06T21:10:05+08:00" level=debug msg="session,msg receive" id=76438d8f-2e44-49f7-b7b9-19133978ff35 msg=[8 233 7 170 6 179 1 8 160 141 6 18 172 1 101 121 74 104 98 71 99 105 79 105 74 73 85 122 85 120 77 105 73 115 73 110 82 53 99 67 73 54 73 107 112 88 86 67 74 57 46 101 121 74 108 101 72 65 105 79 106 69 49 77 68 81 51 77 84 81 119 77 68 89 53 77 106 89 115 73 109 108 122 99 121 73 54 73 106 69 119 77 68 65 119 77 67 74 57 46 106 117 99 108 48 107 48 69 113 65 122 77 83 107 86 97 68 109 98 66 53 70 102 120 65 116 95 72 87 113 108 71 105 100 80 117 77 72 69 109 100 81 72 66 69 103 78 122 67 55 107 97 52 108 56 71 70 76 71 106 48 82 117 116 102 68 52 87 45 71 85 119 88 83 53 109 45 76 104 95 101 55 66 101 45 119] 
time="2017-09-06T21:10:05+08:00" level=debug msg="å¯¹è¯å¤„ç†å™¨,æ¥æ”¶æ¶ˆæ¯" msg=[8 233 7 170 6 179 1 8 160 141 6 18 172 1 101 121 74 104 98 71 99 105 79 105 74 73 85 122 85 120 77 105 73 115 73 110 82 53 99 67 73 54 73 107 112 88 86 67 74 57 46 101 121 74 108 101 72 65 105 79 106 69 49 77 68 81 51 77 84 81 119 77 68 89 53 77 106 89 115 73 109 108 122 99 121 73 54 73 106 69 119 77 68 65 119 77 67 74 57 46 106 117 99 108 48 107 48 69 113 65 122 77 83 107 86 97 68 109 98 66 53 70 102 120 65 116 95 72 87 113 108 71 105 100 80 117 77 72 69 109 100 81 72 66 69 103 78 122 67 55 107 97 52 108 56 71 70 76 71 106 48 82 117 116 102 68 52 87 45 71 85 119 88 83 53 109 45 76 104 95 101 55 66 101 45 119] sessionId=76438d8f-2e44-49f7-b7b9-19133978ff35 
time="2017-09-06T21:10:05+08:00" level=debug msg="å¤„ç†ç™»é™†æ¶ˆæ¯" 
redis connect 127.0.0.1:6379

[35m(/Users/angelbird/Documents/Go/src/game/user/service/service.go:294)[0m 
[33m[2017-09-06 21:10:05][0m  [36;1m[0.81ms][0m  SELECT * FROM `t_user`  WHERE (id='100000') ORDER BY `t_user`.`id` ASC LIMIT 1
time="2017-09-06T21:10:05+08:00" level=debug msg="æˆ¿é—´ä¸å­˜åœ¨" playerId=100000 roomId=187738 
time="2017-09-06T21:10:05+08:00" level=info msg="è¿›å…¥åˆå§‹åŒ–çŠ¶æ€" æˆ¿é—´çŠ¶æ€=init ç©å®¶åˆ—è¡¨="[]" 
time="2017-09-06T21:10:05+08:00" level=info msg="åˆ›å»ºæˆ¿é—´æˆåŠŸ" maxPlayers=4 playerId=100000 roomConfig="{\"zhuanXian\":true,\"zhuaNiao\":1,\"zhuaNiaoAlg\":false}" roomId=187738 round=8 
time="2017-09-06T21:10:05+08:00" level=info msg="æˆ¿é—´å¤„ç†å™¨å¼€å§‹" æˆ¿é—´id=187738 
time="2017-09-06T21:10:05+08:00" level=info msg="ç©å®¶åŠ å…¥æˆ¿é—´" playerId=100000 roomId=187738 
time="2017-09-06T21:10:05+08:00" level=info msg="ç©å®¶,å¼€å§‹" ç©å®¶id=100000 
time="2017-09-06T21:10:05+08:00" level=debug msg="session,msg send" id=76438d8f-2e44-49f7-b7b9-19133978ff35 msg=[178 6 4 8 160 141 6 8 234 7] 
time="2017-09-06T21:10:05+08:00" level=info msg="ç©å®¶åŠ å…¥æˆ¿é—´" æˆ¿é—´çŠ¶æ€=init ç©å®¶=100000 ç©å®¶åˆ—è¡¨="[ç©å®¶[100000],ä½ç½®[0],åˆ†æ•°[0],çŠ¶æ€[çº¿ä¸Š],å®é™…çŠ¶æ€[åˆå§‹åŒ–],å°èƒ¡åˆ—è¡¨[[]],æ‰‹ç‰Œ[[]],ä¸‹çš„ç‰Œ[[]],åƒç¢°æ [[]],å¯èƒ½çš„ç»„åˆ[[]],å½“å‰çš„æ“ä½œ[[]]]" 
time="2017-09-06T21:10:05+08:00" level=info msg="å¤šæ’­æ¶ˆæ¯" 
time="2017-09-06T21:10:05+08:00" level=debug msg="session,msg send" id=76438d8f-2e44-49f7-b7b9-19133978ff35 msg=[210 125 103 10 45 8 218 186 11 16 0 40 108 64 0 74 12 233 149 191 230 178 153 233 186 187 229 176 134 80 160 141 6 88 8 96 0 112 0 120 1 128 1 1 136 1 0 144 1 0 18 54 8 160 141 6 18 0 26 15 49 50 55 46 48 46 48 46 49 58 54 51 54 52 53 32 0 40 0 48 0 56 0 88 0 104 0 114 12 103 117 101 115 116 95 49 48 48 48 48 48 120 0 130 1 0 8 210 15] 
time="2017-09-06T21:10:05+08:00" level=info msg="ç©å®¶å‡†å¤‡" æˆ¿é—´çŠ¶æ€=init ç©å®¶id=100000 
time="2017-09-06T21:10:05+08:00" level=info msg="å¹¿æ’­æ¶ˆæ¯" 
time="2017-09-06T21:10:05+08:00" level=info msg="ç©å®¶åŠ å…¥æˆ¿é—´æˆåŠŸ" playerId=100000 roomId=187738 
time="2017-09-06T21:10:05+08:00" level=debug msg="session,msg send" id=76438d8f-2e44-49f7-b7b9-19133978ff35 msg=[210 140 1 4 8 160 141 6 8 234 15] 
time="2017-09-06T21:10:05+08:00" level=debug msg="session,msg receive" id=76438d8f-2e44-49f7-b7b9-19133978ff35 msg=[8 235 7 186 6 2 8 0] 
time="2017-09-06T21:10:05+08:00" level=debug msg="å¯¹è¯å¤„ç†å™¨,æ¥æ”¶æ¶ˆæ¯" msg=[8 235 7 186 6 2 8 0] sessionId=76438d8f-2e44-49f7-b7b9-19133978ff35 
time="2017-09-06T21:10:05+08:00" level=debug msg="å¤„ç†pingæ¶ˆæ¯" 
time="2017-09-06T21:10:05+08:00" level=debug msg="session,msg send" id=76438d8f-2e44-49f7-b7b9-19133978ff35 msg=[194 6 7 8 183 188 191 186 229 43 8 236 7] 
time="2017-09-06T21:10:06+08:00" level=debug msg="session,msg receive" id=76438d8f-2e44-49f7-b7b9-19133978ff35 msg=[8 231 15 226 138 1 4 8 160 141 6] 
time="2017-09-06T21:10:06+08:00" level=debug msg="å¯¹è¯å¤„ç†å™¨,æ¥æ”¶æ¶ˆæ¯" msg=[8 231 15 226 138 1 4 8 160 141 6] sessionId=76438d8f-2e44-49f7-b7b9-19133978ff35 
time="2017-09-06T21:10:06+08:00" level=debug msg="æ¥æ”¶æ¶ˆæ¯,ç©å®¶å‡†å¤‡ç¦»å¼€" æˆ¿é—´id=187738 æˆ¿é—´ä¸»äººid=100000 ç©å®¶id=100000 
time="2017-09-06T21:10:06+08:00" level=info msg="å¹¿æ’­æ¶ˆæ¯" 
time="2017-09-06T21:10:06+08:00" level=debug msg="session,msg send" id=76438d8f-2e44-49f7-b7b9-19133978ff35 msg=[178 139 1 4 8 160 141 6 8 232 15] 
time="2017-09-06T21:10:06+08:00" level=info msg="ç©å®¶ç¦»å¼€æˆ¿é—´" æˆ¿é—´çŠ¶æ€=init ç©å®¶=100000 ç©å®¶åˆ—è¡¨="[]" 
time="2017-09-06T21:10:06+08:00" level=info msg="è¿›å…¥åˆå§‹åŒ–çŠ¶æ€" æˆ¿é—´çŠ¶æ€=init ç©å®¶åˆ—è¡¨="[]" 
time="2017-09-06T21:10:06+08:00" level=debug msg="å‡†å¤‡è¿œç¨‹æ‘§æ¯æˆ¿é—´" æˆ¿é—´id=187738 æˆ¿é—´ä¸»äººid=100000 ç©å®¶id=100000 
time="2017-09-06T21:10:06+08:00" level=info msg="æˆ¿é—´å¤„ç†å™¨ç»“æŸ" æˆ¿é—´id=187738 
time="2017-09-06T21:10:06+08:00" level=info msg="session close" id=76438d8f-2e44-49f7-b7b9-19133978ff35 
time="2017-09-06T21:10:06+08:00" level=info msg="ç©å®¶,ç»“æŸ" ç©å®¶id=100000 
time="2017-09-06T21:10:08+08:00" level=info msg="session open" id=39994ed3-9685-446c-abd8-4e3da98f0830 
time="2017-09-06T21:10:09+08:00" level=debug msg="session,msg receive" id=39994ed3-9685-446c-abd8-4e3da98f0830 msg=[8 233 7 170 6 179 1 8 160 141 6 18 172 1 101 121 74 104 98 71 99 105 79 105 74 73 85 122 85 120 77 105 73 115 73 110 82 53 99 67 73 54 73 107 112 88 86 67 74 57 46 101 121 74 108 101 72 65 105 79 106 69 49 77 68 81 51 77 84 81 119 77 68 89 53 77 106 89 115 73 109 108 122 99 121 73 54 73 106 69 119 77 68 65 119 77 67 74 57 46 106 117 99 108 48 107 48 69 113 65 122 77 83 107 86 97 68 109 98 66 53 70 102 120 65 116 95 72 87 113 108 71 105 100 80 117 77 72 69 109 100 81 72 66 69 103 78 122 67 55 107 97 52 108 56 71 70 76 71 106 48 82 117 116 102 68 52 87 45 71 85 119 88 83 53 109 45 76 104 95 101 55 66 101 45 119] 
time="2017-09-06T21:10:09+08:00" level=debug msg="å¯¹è¯å¤„ç†å™¨,æ¥æ”¶æ¶ˆæ¯" msg=[8 233 7 170 6 179 1 8 160 141 6 18 172 1 101 121 74 104 98 71 99 105 79 105 74 73 85 122 85 120 77 105 73 115 73 110 82 53 99 67 73 54 73 107 112 88 86 67 74 57 46 101 121 74 108 101 72 65 105 79 106 69 49 77 68 81 51 77 84 81 119 77 68 89 53 77 106 89 115 73 109 108 122 99 121 73 54 73 106 69 119 77 68 65 119 77 67 74 57 46 106 117 99 108 48 107 48 69 113 65 122 77 83 107 86 97 68 109 98 66 53 70 102 120 65 116 95 72 87 113 108 71 105 100 80 117 77 72 69 109 100 81 72 66 69 103 78 122 67 55 107 97 52 108 56 71 70 76 71 106 48 82 117 116 102 68 52 87 45 71 85 119 88 83 53 109 45 76 104 95 101 55 66 101 45 119] sessionId=39994ed3-9685-446c-abd8-4e3da98f0830 
time="2017-09-06T21:10:09+08:00" level=debug msg="å¤„ç†ç™»é™†æ¶ˆæ¯" 

[35m(/Users/angelbird/Documents/Go/src/game/user/service/service.go:294)[0m 
[33m[2017-09-06 21:10:09][0m  [36;1m[0.72ms][0m  SELECT * FROM `t_user`  WHERE (id='100000') ORDER BY `t_user`.`id` ASC LIMIT 1
time="2017-09-06T21:10:09+08:00" level=debug msg="æˆ¿é—´ä¸å­˜åœ¨" playerId=100000 roomId=877089 
time="2017-09-06T21:10:09+08:00" level=info msg="è¿›å…¥åˆå§‹åŒ–çŠ¶æ€" æˆ¿é—´çŠ¶æ€=init ç©å®¶åˆ—è¡¨="[]" 
time="2017-09-06T21:10:09+08:00" level=info msg="åˆ›å»ºæˆ¿é—´æˆåŠŸ" maxPlayers=4 playerId=100000 roomConfig="{\"zhuanXian\":false,\"zhuaNiao\":0,\"zhuaNiaoAlg\":true}" roomId=877089 round=8 
time="2017-09-06T21:10:09+08:00" level=info msg="ç©å®¶åŠ å…¥æˆ¿é—´" playerId=100000 roomId=877089 
time="2017-09-06T21:10:09+08:00" level=info msg="ç©å®¶,å¼€å§‹" ç©å®¶id=100000 
time="2017-09-06T21:10:09+08:00" level=info msg="æˆ¿é—´å¤„ç†å™¨å¼€å§‹" æˆ¿é—´id=877089 
time="2017-09-06T21:10:09+08:00" level=debug msg="session,msg send" id=39994ed3-9685-446c-abd8-4e3da98f0830 msg=[178 6 4 8 160 141 6 8 234 7] 
time="2017-09-06T21:10:09+08:00" level=info msg="ç©å®¶åŠ å…¥æˆ¿é—´" æˆ¿é—´çŠ¶æ€=init ç©å®¶=100000 ç©å®¶åˆ—è¡¨="[ç©å®¶[100000],ä½ç½®[0],åˆ†æ•°[0],çŠ¶æ€[çº¿ä¸Š],å®é™…çŠ¶æ€[åˆå§‹åŒ–],å°èƒ¡åˆ—è¡¨[[]],æ‰‹ç‰Œ[[]],ä¸‹çš„ç‰Œ[[]],åƒç¢°æ [[]],å¯èƒ½çš„ç»„åˆ[[]],å½“å‰çš„æ“ä½œ[[]]]" 
time="2017-09-06T21:10:09+08:00" level=info msg="å¤šæ’­æ¶ˆæ¯" 
time="2017-09-06T21:10:09+08:00" level=debug msg="session,msg send" id=39994ed3-9685-446c-abd8-4e3da98f0830 msg=[210 125 103 10 45 8 161 196 53 16 0 40 108 64 0 74 12 233 149 191 230 178 153 233 186 187 229 176 134 80 160 141 6 88 8 96 0 112 0 120 0 128 1 0 136 1 1 144 1 0 18 54 8 160 141 6 18 0 26 15 49 50 55 46 48 46 48 46 49 58 54 51 55 49 55 32 0 40 0 48 0 56 0 88 0 104 0 114 12 103 117 101 115 116 95 49 48 48 48 48 48 120 0 130 1 0 8 210 15] 
time="2017-09-06T21:10:09+08:00" level=info msg="ç©å®¶å‡†å¤‡" æˆ¿é—´çŠ¶æ€=init ç©å®¶id=100000 
time="2017-09-06T21:10:09+08:00" level=info msg="å¹¿æ’­æ¶ˆæ¯" 
time="2017-09-06T21:10:09+08:00" level=info msg="ç©å®¶åŠ å…¥æˆ¿é—´æˆåŠŸ" playerId=100000 roomId=877089 
time="2017-09-06T21:10:09+08:00" level=debug msg="session,msg send" id=39994ed3-9685-446c-abd8-4e3da98f0830 msg=[210 140 1 4 8 160 141 6 8 234 15] 
time="2017-09-06T21:10:09+08:00" level=debug msg="session,msg receive" id=39994ed3-9685-446c-abd8-4e3da98f0830 msg=[8 235 7 186 6 2 8 0] 
time="2017-09-06T21:10:09+08:00" level=debug msg="å¯¹è¯å¤„ç†å™¨,æ¥æ”¶æ¶ˆæ¯" msg=[8 235 7 186 6 2 8 0] sessionId=39994ed3-9685-446c-abd8-4e3da98f0830 
time="2017-09-06T21:10:09+08:00" level=debug msg="å¤„ç†pingæ¶ˆæ¯" 
time="2017-09-06T21:10:09+08:00" level=debug msg="session,msg send" id=39994ed3-9685-446c-abd8-4e3da98f0830 msg=[194 6 7 8 207 216 191 186 229 43 8 236 7] 
time="2017-09-06T21:10:13+08:00" level=debug msg="session,msg receive" id=39994ed3-9685-446c-abd8-4e3da98f0830 msg=[8 231 15 226 138 1 4 8 160 141 6] 
time="2017-09-06T21:10:13+08:00" level=debug msg="å¯¹è¯å¤„ç†å™¨,æ¥æ”¶æ¶ˆæ¯" msg=[8 231 15 226 138 1 4 8 160 141 6] sessionId=39994ed3-9685-446c-abd8-4e3da98f0830 
time="2017-09-06T21:10:13+08:00" level=debug msg="æ¥æ”¶æ¶ˆæ¯,ç©å®¶å‡†å¤‡ç¦»å¼€" æˆ¿é—´id=877089 æˆ¿é—´ä¸»äººid=100000 ç©å®¶id=100000 
time="2017-09-06T21:10:13+08:00" level=info msg="å¹¿æ’­æ¶ˆæ¯" 
time="2017-09-06T21:10:13+08:00" level=debug msg="session,msg send" id=39994ed3-9685-446c-abd8-4e3da98f0830 msg=[178 139 1 4 8 160 141 6 8 232 15] 
time="2017-09-06T21:10:13+08:00" level=info msg="ç©å®¶ç¦»å¼€æˆ¿é—´" æˆ¿é—´çŠ¶æ€=init ç©å®¶=100000 ç©å®¶åˆ—è¡¨="[]" 
time="2017-09-06T21:10:13+08:00" level=info msg="è¿›å…¥åˆå§‹åŒ–çŠ¶æ€" æˆ¿é—´çŠ¶æ€=init ç©å®¶åˆ—è¡¨="[]" 
time="2017-09-06T21:10:13+08:00" level=debug msg="å‡†å¤‡è¿œç¨‹æ‘§æ¯æˆ¿é—´" æˆ¿é—´id=877089 æˆ¿é—´ä¸»äººid=100000 ç©å®¶id=100000 
time="2017-09-06T21:10:13+08:00" level=info msg="æˆ¿é—´å¤„ç†å™¨ç»“æŸ" æˆ¿é—´id=877089 
time="2017-09-06T21:10:14+08:00" level=info msg="session close" id=39994ed3-9685-446c-abd8-4e3da98f0830 
time="2017-09-06T21:10:14+08:00" level=info msg="ç©å®¶,ç»“æŸ" ç©å®¶id=100000 
time="2017-09-06T21:10:18+08:00" level=info msg="session open" id=8ff3777e-3aaa-4d11-9d16-171e6bf63f18 
time="2017-09-06T21:10:18+08:00" level=debug msg="session,msg receive" id=8ff3777e-3aaa-4d11-9d16-171e6bf63f18 msg=[8 233 7 170 6 179 1 8 160 141 6 18 172 1 101 121 74 104 98 71 99 105 79 105 74 73 85 122 85 120 77 105 73 115 73 110 82 53 99 67 73 54 73 107 112 88 86 67 74 57 46 101 121 74 108 101 72 65 105 79 106 69 49 77 68 81 51 77 84 81 119 77 68 89 53 77 106 89 115 73 109 108 122 99 121 73 54 73 106 69 119 77 68 65 119 77 67 74 57 46 106 117 99 108 48 107 48 69 113 65 122 77 83 107 86 97 68 109 98 66 53 70 102 120 65 116 95 72 87 113 108 71 105 100 80 117 77 72 69 109 100 81 72 66 69 103 78 122 67 55 107 97 52 108 56 71 70 76 71 106 48 82 117 116 102 68 52 87 45 71 85 119 88 83 53 109 45 76 104 95 101 55 66 101 45 119] 
time="2017-09-06T21:10:18+08:00" level=debug msg="å¯¹è¯å¤„ç†å™¨,æ¥æ”¶æ¶ˆæ¯" msg=[8 233 7 170 6 179 1 8 160 141 6 18 172 1 101 121 74 104 98 71 99 105 79 105 74 73 85 122 85 120 77 105 73 115 73 110 82 53 99 67 73 54 73 107 112 88 86 67 74 57 46 101 121 74 108 101 72 65 105 79 106 69 49 77 68 81 51 77 84 81 119 77 68 89 53 77 106 89 115 73 109 108 122 99 121 73 54 73 106 69 119 77 68 65 119 77 67 74 57 46 106 117 99 108 48 107 48 69 113 65 122 77 83 107 86 97 68 109 98 66 53 70 102 120 65 116 95 72 87 113 108 71 105 100 80 117 77 72 69 109 100 81 72 66 69 103 78 122 67 55 107 97 52 108 56 71 70 76 71 106 48 82 117 116 102 68 52 87 45 71 85 119 88 83 53 109 45 76 104 95 101 55 66 101 45 119] sessionId=8ff3777e-3aaa-4d11-9d16-171e6bf63f18 
time="2017-09-06T21:10:18+08:00" level=debug msg="å¤„ç†ç™»é™†æ¶ˆæ¯" 

[35m(/Users/angelbird/Documents/Go/src/game/user/service/service.go:294)[0m 
[33m[2017-09-06 21:10:18][0m  [36;1m[0.85ms][0m  SELECT * FROM `t_user`  WHERE (id='100000') ORDER BY `t_user`.`id` ASC LIMIT 1
time="2017-09-06T21:10:18+08:00" level=debug msg="æˆ¿é—´ä¸å­˜åœ¨" playerId=100000 roomId=107540 
time="2017-09-06T21:10:18+08:00" level=info msg="è¿›å…¥åˆå§‹åŒ–çŠ¶æ€" æˆ¿é—´çŠ¶æ€=init ç©å®¶åˆ—è¡¨="[]" 
time="2017-09-06T21:10:18+08:00" level=info msg="åˆ›å»ºæˆ¿é—´æˆåŠŸ" maxPlayers=4 playerId=100000 roomConfig="{\"zhuanXian\":false,\"zhuaNiao\":0,\"zhuaNiaoAlg\":true}" roomId=107540 round=8 
time="2017-09-06T21:10:18+08:00" level=info msg="ç©å®¶åŠ å…¥æˆ¿é—´" playerId=100000 roomId=107540 
time="2017-09-06T21:10:18+08:00" level=info msg="ç©å®¶åŠ å…¥æˆ¿é—´" æˆ¿é—´çŠ¶æ€=init ç©å®¶=100000 ç©å®¶åˆ—è¡¨="[ç©å®¶[100000],ä½ç½®[0],åˆ†æ•°[0],çŠ¶æ€[çº¿ä¸Š],å®é™…çŠ¶æ€[åˆå§‹åŒ–],å°èƒ¡åˆ—è¡¨[[]],æ‰‹ç‰Œ[[]],ä¸‹çš„ç‰Œ[[]],åƒç¢°æ [[]],å¯èƒ½çš„ç»„åˆ[[]],å½“å‰çš„æ“ä½œ[[]]]" 
time="2017-09-06T21:10:18+08:00" level=info msg="å¤šæ’­æ¶ˆæ¯" 
time="2017-09-06T21:10:18+08:00" level=info msg="ç©å®¶å‡†å¤‡" æˆ¿é—´çŠ¶æ€=init ç©å®¶id=100000 
time="2017-09-06T21:10:18+08:00" level=info msg="å¹¿æ’­æ¶ˆæ¯" 
time="2017-09-06T21:10:18+08:00" level=info msg="ç©å®¶åŠ å…¥æˆ¿é—´æˆåŠŸ" playerId=100000 roomId=107540 
time="2017-09-06T21:10:18+08:00" level=info msg="ç©å®¶,å¼€å§‹" ç©å®¶id=100000 
time="2017-09-06T21:10:18+08:00" level=debug msg="session,msg send" id=8ff3777e-3aaa-4d11-9d16-171e6bf63f18 msg=[178 6 4 8 160 141 6 8 234 7] 
time="2017-09-06T21:10:18+08:00" level=debug msg="session,msg send" id=8ff3777e-3aaa-4d11-9d16-171e6bf63f18 msg=[210 125 103 10 45 8 148 200 6 16 0 40 108 64 0 74 12 233 149 191 230 178 153 233 186 187 229 176 134 80 160 141 6 88 8 96 0 112 0 120 0 128 1 0 136 1 1 144 1 0 18 54 8 160 141 6 18 0 26 15 49 50 55 46 48 46 48 46 49 58 54 51 56 54 54 32 0 40 0 48 0 56 0 88 0 104 0 114 12 103 117 101 115 116 95 49 48 48 48 48 48 120 0 130 1 0 8 210 15] 
time="2017-09-06T21:10:18+08:00" level=debug msg="session,msg send" id=8ff3777e-3aaa-4d11-9d16-171e6bf63f18 msg=[210 140 1 4 8 160 141 6 8 234 15] 
time="2017-09-06T21:10:18+08:00" level=info msg="æˆ¿é—´å¤„ç†å™¨å¼€å§‹" æˆ¿é—´id=107540 
time="2017-09-06T21:10:18+08:00" level=debug msg="session,msg receive" id=8ff3777e-3aaa-4d11-9d16-171e6bf63f18 msg=[8 235 7 186 6 2 8 0] 
time="2017-09-06T21:10:18+08:00" level=debug msg="å¯¹è¯å¤„ç†å™¨,æ¥æ”¶æ¶ˆæ¯" msg=[8 235 7 186 6 2 8 0] sessionId=8ff3777e-3aaa-4d11-9d16-171e6bf63f18 
time="2017-09-06T21:10:18+08:00" level=debug msg="å¤„ç†pingæ¶ˆæ¯" 
time="2017-09-06T21:10:18+08:00" level=debug msg="session,msg send" id=8ff3777e-3aaa-4d11-9d16-171e6bf63f18 msg=[194 6 7 8 233 162 192 186 229 43 8 236 7] 
time="2017-09-06T21:10:29+08:00" level=info msg="ç©å®¶è¯·æ±‚æ‰çº¿" æˆ¿é—´çŠ¶æ€=init ç©å®¶=100000 ç©å®¶åˆ—è¡¨="[ç©å®¶[100000],ä½ç½®[0],åˆ†æ•°[0],çŠ¶æ€[çº¿ä¸Š],å®é™…çŠ¶æ€[å‡†å¤‡å¼€å§‹],å°èƒ¡åˆ—è¡¨[[]],æ‰‹ç‰Œ[[]],ä¸‹çš„ç‰Œ[[]],åƒç¢°æ [[]],å¯èƒ½çš„ç»„åˆ[[]],å½“å‰çš„æ“ä½œ[[]]]" 
time="2017-09-06T21:10:29+08:00" level=info msg="ç©å®¶,ç»“æŸ" ç©å®¶id=100000 
time="2017-09-06T21:10:29+08:00" level=info msg="ç©å®¶æ‰çº¿" æˆ¿é—´çŠ¶æ€=init ç©å®¶=100000 ç©å®¶åˆ—è¡¨="[ç©å®¶[100000],ä½ç½®[0],åˆ†æ•°[0],çŠ¶æ€[ç¦»çº¿],å®é™…çŠ¶æ€[å‡†å¤‡å¼€å§‹],å°èƒ¡åˆ—è¡¨[[]],æ‰‹ç‰Œ[[]],ä¸‹çš„ç‰Œ[[]],åƒç¢°æ [[]],å¯èƒ½çš„ç»„åˆ[[]],å½“å‰çš„æ“ä½œ[[]]]" 
time="2017-09-06T21:10:29+08:00" level=info msg="å¹¿æ’­æ¶ˆæ¯" 
time="2017-09-06T21:10:29+08:00" level=info msg="session close" id=8ff3777e-3aaa-4d11-9d16-171e6bf63f18 
time="2017-09-06T21:10:44+08:00" level=debug msg="å…¨å±€å¤„ç†,å®šæ—¶å™¨" 
time="2017-09-06T21:11:44+08:00" level=debug msg="å…¨å±€å¤„ç†,å®šæ—¶å™¨" 
time="2017-09-06T21:12:44+08:00" level=debug msg="å…¨å±€å¤„ç†,å®šæ—¶å™¨" 
time="2017-09-06T21:13:44+08:00" level=debug msg="å…¨å±€å¤„ç†,å®šæ—¶å™¨" 
time="2017-09-06T21:14:44+08:00" level=debug msg="å…¨å±€å¤„ç†,å®šæ—¶å™¨" 
time="2017-09-06T21:15:44+08:00" level=debug msg="å…¨å±€å¤„ç†,å®šæ—¶å™¨" 
time="2017-09-06T21:16:44+08:00" level=debug msg="å…¨å±€å¤„ç†,å®šæ—¶å™¨" 
time="2017-09-06T21:17:44+08:00" level=debug msg="å…¨å±€å¤„ç†,å®šæ—¶å™¨" 
time="2017-09-06T21:18:44+08:00" level=debug msg="å…¨å±€å¤„ç†,å®šæ—¶å™¨" 
time="2017-09-06T21:19:44+08:00" level=debug msg="å…¨å±€å¤„ç†,å®šæ—¶å™¨" 
time="2017-09-06T21:20:44+08:00" level=debug msg="å…¨å±€å¤„ç†,å®šæ—¶å™¨" 
time="2017-09-06T21:21:44+08:00" level=debug msg="å…¨å±€å¤„ç†,å®šæ—¶å™¨" 
time="2017-09-06T21:22:44+08:00" level=debug msg="å…¨å±€å¤„ç†,å®šæ—¶å™¨" 
time="2017-09-06T21:23:44+08:00" level=debug msg="å…¨å±€å¤„ç†,å®šæ—¶å™¨" 
time="2017-09-06T21:24:44+08:00" level=debug msg="å…¨å±€å¤„ç†,å®šæ—¶å™¨" 
time="2017-09-06T21:25:44+08:00" level=debug msg="å…¨å±€å¤„ç†,å®šæ—¶å™¨" 
time="2017-09-06T21:26:44+08:00" level=debug msg="å…¨å±€å¤„ç†,å®šæ—¶å™¨" 
time="2017-09-06T21:27:44+08:00" level=debug msg="å…¨å±€å¤„ç†,å®šæ—¶å™¨" 
time="2017-09-06T21:28:44+08:00" level=debug msg="å…¨å±€å¤„ç†,å®šæ—¶å™¨" 
time="2017-09-06T21:29:44+08:00" level=debug msg="å…¨å±€å¤„ç†,å®šæ—¶å™¨" 
time="2017-09-06T21:30:44+08:00" level=debug msg="å…¨å±€å¤„ç†,å®šæ—¶å™¨" 
time="2017-09-06T21:31:44+08:00" level=debug msg="å…¨å±€å¤„ç†,å®šæ—¶å™¨" 
time="2017-09-06T21:32:44+08:00" level=debug msg="å…¨å±€å¤„ç†,å®šæ—¶å™¨" 
time="2017-09-06T21:33:44+08:00" level=debug msg="å…¨å±€å¤„ç†,å®šæ—¶å™¨" 
time="2017-09-06T21:34:44+08:00" level=debug msg="å…¨å±€å¤„ç†,å®šæ—¶å™¨" 
time="2017-09-06T21:35:44+08:00" level=debug msg="å…¨å±€å¤„ç†,å®šæ—¶å™¨" 
time="2017-09-06T21:36:44+08:00" level=debug msg="å…¨å±€å¤„ç†,å®šæ—¶å™¨" 
time="2017-09-06T21:37:44+08:00" level=debug msg="å…¨å±€å¤„ç†,å®šæ—¶å™¨" 
